0 info it worked if it ends with ok
1 verbose cli [ '/usr/local/Cellar/node/7.7.2/bin/node',
1 verbose cli   '/usr/local/bin/npm',
1 verbose cli   '-f',
1 verbose cli   'unpublish',
1 verbose cli   'test-package_yurii_prezliata' ]
2 info using npm@4.1.2
3 info using node@v7.7.2
4 warn using --force I sure hope you know what you are doing.
5 silly unpublish args[0] test-package_yurii_prezliata
6 silly unpublish thing Result {
6 silly unpublish   raw: 'test-package_yurii_prezliata',
6 silly unpublish   scope: null,
6 silly unpublish   escapedName: 'test-package_yurii_prezliata',
6 silly unpublish   name: 'test-package_yurii_prezliata',
6 silly unpublish   rawSpec: '',
6 silly unpublish   spec: 'latest',
6 silly unpublish   type: 'tag' }
7 verbose getPublishConfig null
8 silly ls normalized test-package_yurii_prezliata
9 silly gentlyRm /Users/yprezlyata/.npm/test-package_yurii_prezliata is being purged
10 verbose gentlyRm don't care about contents; nuking /Users/yprezlyata/.npm/test-package_yurii_prezliata
11 silly mapToRegistry name test-package_yurii_prezliata
12 silly mapToRegistry using default registry
13 silly mapToRegistry registry https://registry.npmjs.org/
14 silly mapToRegistry data Result {
14 silly mapToRegistry   raw: 'test-package_yurii_prezliata',
14 silly mapToRegistry   scope: null,
14 silly mapToRegistry   escapedName: 'test-package_yurii_prezliata',
14 silly mapToRegistry   name: 'test-package_yurii_prezliata',
14 silly mapToRegistry   rawSpec: '',
14 silly mapToRegistry   spec: 'latest',
14 silly mapToRegistry   type: 'tag' }
15 silly mapToRegistry uri https://registry.npmjs.org/test-package_yurii_prezliata
16 verbose get GET as part of write; not caching result
17 verbose request uri https://registry.npmjs.org/test-package_yurii_prezliata?write=true
18 verbose request no auth needed
19 info attempt registry request try #1 at 2:16:46 PM
20 verbose request using bearer token for auth
21 verbose request id 4fc22301e2d109b8
22 http request GET https://registry.npmjs.org/test-package_yurii_prezliata?write=true
23 http 200 https://registry.npmjs.org/test-package_yurii_prezliata?write=true
24 verbose headers { server: 'CouchDB/1.5.0 (Erlang OTP/R16B03)',
24 verbose headers   'content-type': 'application/json',
24 verbose headers   etag: '"5ac4ddca-76e"',
24 verbose headers   'content-encoding': 'gzip',
24 verbose headers   'cache-control': 'max-age=0',
24 verbose headers   'transfer-encoding': 'chunked',
24 verbose headers   'accept-ranges': 'bytes',
24 verbose headers   date: 'Fri, 06 Apr 2018 11:16:45 GMT',
24 verbose headers   via: '1.1 varnish',
24 verbose headers   connection: 'keep-alive',
24 verbose headers   'x-served-by': 'cache-hhn1549-HHN',
24 verbose headers   'x-cache': 'MISS',
24 verbose headers   'x-cache-hits': '0',
24 verbose headers   'x-timer': 'S1523013405.122242,VS0,VE806',
24 verbose headers   vary: 'Accept-Encoding' }
25 silly get cb [ 200,
25 silly get   { server: 'CouchDB/1.5.0 (Erlang OTP/R16B03)',
25 silly get     'content-type': 'application/json',
25 silly get     etag: '"5ac4ddca-76e"',
25 silly get     'content-encoding': 'gzip',
25 silly get     'cache-control': 'max-age=0',
25 silly get     'transfer-encoding': 'chunked',
25 silly get     'accept-ranges': 'bytes',
25 silly get     date: 'Fri, 06 Apr 2018 11:16:45 GMT',
25 silly get     via: '1.1 varnish',
25 silly get     connection: 'keep-alive',
25 silly get     'x-served-by': 'cache-hhn1549-HHN',
25 silly get     'x-cache': 'MISS',
25 silly get     'x-cache-hits': '0',
25 silly get     'x-timer': 'S1523013405.122242,VS0,VE806',
25 silly get     vary: 'Accept-Encoding' } ]
26 verbose get saving test-package_yurii_prezliata to /Users/yprezlyata/.npm/registry.npmjs.org/test-package_yurii_prezliata_3Fwrite_3Dtrue/.cache.json
27 verbose correctMkdir /Users/yprezlyata/.npm correctMkdir not in flight; initializing
28 info unpublish No version specified, removing all
29 verbose request uri https://registry.npmjs.org/test-package_yurii_prezliata/-rev/1-f9cb462d2df5cc3916e3200947a07200
30 verbose request sending authorization for write operation
31 info attempt registry request try #1 at 2:16:47 PM
32 verbose request using bearer token for auth
33 http request DELETE https://registry.npmjs.org/test-package_yurii_prezliata/-rev/1-f9cb462d2df5cc3916e3200947a07200
34 http 400 https://registry.npmjs.org/test-package_yurii_prezliata/-rev/1-f9cb462d2df5cc3916e3200947a07200
35 verbose headers { 'content-type': 'application/json',
35 verbose headers   'cache-control': 'max-age=300',
35 verbose headers   'content-length': '185',
35 verbose headers   'accept-ranges': 'bytes',
35 verbose headers   date: 'Fri, 06 Apr 2018 11:16:46 GMT',
35 verbose headers   via: '1.1 varnish',
35 verbose headers   connection: 'keep-alive',
35 verbose headers   'x-served-by': 'cache-hhn1549-HHN',
35 verbose headers   'x-cache': 'MISS',
35 verbose headers   'x-cache-hits': '0',
35 verbose headers   'x-timer': 'S1523013406.007400,VS0,VE279',
35 verbose headers   vary: 'Accept-Encoding, Accept' }
36 verbose request invalidating /Users/yprezlyata/.npm/registry.npmjs.org/test-package_yurii_prezliata on DELETE
37 verbose stack Error: You can no longer unpublish this version. Please deprecate it instead
37 verbose stack npm deprecate -f 'test-package_yurii_prezliata@*' "this package has been deprecated" : test-package_yurii_prezliata
37 verbose stack     at makeError (/usr/local/lib/node_modules/npm/node_modules/npm-registry-client/lib/request.js:304:12)
37 verbose stack     at CachingRegistryClient.<anonymous> (/usr/local/lib/node_modules/npm/node_modules/npm-registry-client/lib/request.js:292:14)
37 verbose stack     at Request._callback (/usr/local/lib/node_modules/npm/node_modules/npm-registry-client/lib/request.js:212:14)
37 verbose stack     at Request.self.callback (/usr/local/lib/node_modules/npm/node_modules/request/request.js:186:22)
37 verbose stack     at emitTwo (events.js:106:13)
37 verbose stack     at Request.emit (events.js:194:7)
37 verbose stack     at Request.<anonymous> (/usr/local/lib/node_modules/npm/node_modules/request/request.js:1081:10)
37 verbose stack     at emitOne (events.js:96:13)
37 verbose stack     at Request.emit (events.js:191:7)
37 verbose stack     at IncomingMessage.<anonymous> (/usr/local/lib/node_modules/npm/node_modules/request/request.js:1001:12)
38 verbose statusCode 400
39 verbose pkgid test-package_yurii_prezliata
40 verbose cwd /Users/yprezlyata/Documents/Work/npm library
41 error Darwin 15.6.0
42 error argv "/usr/local/Cellar/node/7.7.2/bin/node" "/usr/local/bin/npm" "-f" "unpublish" "test-package_yurii_prezliata"
43 error node v7.7.2
44 error npm  v4.1.2
45 error code E400
46 error You can no longer unpublish this version. Please deprecate it instead
46 error npm deprecate -f 'test-package_yurii_prezliata@*' "this package has been deprecated" : test-package_yurii_prezliata
47 error If you need help, you may report this error at:
47 error     <https://github.com/npm/npm/issues>
48 verbose exit [ 1, true ]
